<?xml version="1.0" encoding="UTF-8"?>
<!-- Generated by org.testng.reporters.JUnitReportReporter -->
<testsuite hostname="DESKTOP-HN9J744" failures="0" tests="1" name="project2.lablab" time="0.008" errors="0" timestamp="2023-10-23T13:08:59 PDT" skipped="0">
  <testcase classname="project2.lablab" name="myTest" time="0.008"/>
  <system-out/>
</testsuite> <!-- project2.lablab -->
